<html>
<body>
<pre>
<h1>Vision Build Log</h1>
<h2>Project:</h2>
E:\stc15_test_temp\2 - 传感器实验程序\实验3-20-1：DS18B20温度传感器 - 串口调试助手显示（串口1）\DS18B20\Project\DS18B20.uvproj
Project File Date:  09/06/2019

<h2>Output:</h2>
Build target 'IK-STC15'
compiling main.c...
..\User\main.c(25): warning C318: can't open file 'dht11.h'
..\User\main.c(43): error C202: 'DATA_PIN': undefined identifier
compiling delay.c...
compiling ds18b20.c...
..\Source\ds18b20.c(1): warning C318: can't open file 'DHT11.H'
..\Source\ds18b20.c(18): error C202: 'Ds18b20IO': undefined identifier
compiling uart.c...
Target not created
Build target 'IK-STC15'
compiling main.c...
..\User\main.c(25): warning C318: can't open file 'dht11.h'
..\User\main.c(43): error C202: 'DATA_PIN': undefined identifier
compiling delay.c...
compiling ds18b20.c...
..\Source\ds18b20.c(1): warning C318: can't open file 'DHT11.H'
..\Source\ds18b20.c(18): error C202: 'Ds18b20IO': undefined identifier
..\Source\ds18b20.c(20): error C141: syntax error near 'Ds18b20IO'
..\Source\ds18b20.c(20): error C202: 'Ds18b20IO': undefined identifier
..\Source\ds18b20.c(22): error C141: syntax error near 'Ds18b20IO'
..\Source\ds18b20.c(22): error C202: 'Ds18b20IO': undefined identifier
..\Source\ds18b20.c(23): error C202: 'Ds18b20IO': undefined identifier
..\Source\ds18b20.c(28): error C202: 'Ds18b20IO': undefined identifier
..\Source\ds18b20.c(30): error C202: 'Ds18b20IO': undefined identifier
..\Source\ds18b20.c(49): error C202: 'Ds18b20IO': undefined identifier
..\Source\ds18b20.c(51): error C202: 'Ds18b20IO': undefined identifier
..\Source\ds18b20.c(56): error C202: 'Ds18b20IO': undefined identifier
..\Source\ds18b20.c(58): error C202: 'Ds18b20IO': undefined identifier
..\Source\ds18b20.c(75): error C202: 'Ds18b20IO': undefined identifier
..\Source\ds18b20.c(80): error C202: 'Ds18b20IO': undefined identifier
..\Source\ds18b20.c(82): error C202: 'Ds18b20IO': undefined identifier
..\Source\ds18b20.c(84): error C202: 'Ds18b20IO': undefined identifier
compiling uart.c...
Target not created
Build target 'IK-STC15'
compiling main.c...
..\Source\ds18b20.h(15): error C127: 'DS18B20_TEST': invalid storage class
..\User\main.c(33): error C132: 'main': not in formal parameter list
..\User\main.c(33): error C141: syntax error near '{'
..\User\main.c(40): error C132: 'P3M1': not in formal parameter list
..\User\main.c(40): error C132: 'P3M0': not in formal parameter list
..\User\main.c(41): error C132: 'P3M1': not in formal parameter list
..\User\main.c(41): error C132: 'P3M0': not in formal parameter list
..\User\main.c(43): error C244: 'DATA_PIN': can't initialize, bad type or class
..\User\main.c(43): error C132: 'DATA_PIN': not in formal parameter list
..\User\main.c(44): error C132: 'Uart1_Init': not in formal parameter list
..\User\main.c(45): error C244: 'EA': can't initialize, bad type or class
..\User\main.c(45): error C132: 'EA': not in formal parameter list
..\User\main.c(46): error C141: syntax error near '10'
..\User\main.c(46): error C132: 'delay_ms': not in formal parameter list
..\User\main.c(48): error C141: syntax error near 'while'
..\User\main.c(48): error C141: syntax error near '1'
..\User\main.c(52): error C141: syntax error near '2000'
..\User\main.c(52): error C231: '_delay_ms': redefinition
..\User\main.c(53): error C141: syntax error near '}'
compiling ds18b20.c...
..\Source\ds18b20.h(15): error C127: 'DS18B20_TEST': invalid storage class
D:\Keil\C51\Inc\stdio.h(27): error C127: '_getkey': invalid storage class
D:\Keil\C51\Inc\stdio.h(28): error C127: 'getchar': invalid storage class
D:\Keil\C51\Inc\stdio.h(29): error C127: '_ungetchar': invalid storage class
D:\Keil\C51\Inc\stdio.h(30): error C127: '_putchar': invalid storage class
D:\Keil\C51\Inc\stdio.h(31): error C127: '_printf': invalid storage class
D:\Keil\C51\Inc\stdio.h(32): error C127: '_sprintf': invalid storage class
D:\Keil\C51\Inc\stdio.h(33): error C127: '_vprintf': invalid storage class
D:\Keil\C51\Inc\stdio.h(34): error C127: '_vsprintf': invalid storage class
D:\Keil\C51\Inc\stdio.h(35): error C127: '_gets': invalid storage class
D:\Keil\C51\Inc\stdio.h(36): error C127: '_scanf': invalid storage class
D:\Keil\C51\Inc\stdio.h(37): error C127: '_sscanf': invalid storage class
D:\Keil\C51\Inc\stdio.h(38): error C127: '_puts': invalid storage class
..\Source\uart.h(7): error C127: 'Uart1_Init': invalid storage class
..\Source\uart.h(8): error C127: '_SendDataByUart1': invalid storage class
..\Source\uart.h(9): error C127: '_U1SendString': invalid storage class
..\Source\ds18b20.c(4): error C132: 'ReadTempFlag': not in formal parameter list
..\Source\ds18b20.c(13): error C132: 'Init_Ds18b20': not in formal parameter list
..\Source\ds18b20.c(13): error C141: syntax error near '{'
..\Source\ds18b20.c(14): error C244: 'Status': can't initialize, bad type or class
..\Source\ds18b20.c(14): error C132: 'Status': not in formal parameter list
..\Source\ds18b20.c(15): error C244: 'CONT_1': can't initialize, bad type or class
..\Source\ds18b20.c(15): error C132: 'CONT_1': not in formal parameter list
..\Source\ds18b20.c(16): error C244: 'Flag_1': can't initialize, bad type or class
..\Source\ds18b20.c(16): error C132: 'Flag_1': not in formal parameter list
..\Source\ds18b20.c(18): error C244: 'DATA_PIN': can't initialize, bad type or class
..\Source\ds18b20.c(18): error C132: 'DATA_PIN': not in formal parameter list
..\Source\ds18b20.c(19): error C141: syntax error near '26'
..\Source\ds18b20.c(20): error C132: 'delay_10us': not in formal parameter list
..\Source\ds18b20.c(20): error C141: syntax error near 'DATA_PIN'
..\Source\ds18b20.c(20): error C244: 'DATA_PIN': can't initialize, bad type or class
..\Source\ds18b20.c(20): error C132: 'DATA_PIN': not in formal parameter list
..\Source\ds18b20.c(21): error C141: syntax error near '75'
..\Source\ds18b20.c(22): error C132: 'delay_10us': not in formal parameter list
..\Source\ds18b20.c(22): error C141: syntax error near 'DATA_PIN'
..\Source\ds18b20.c(22): error C244: 'DATA_PIN': can't initialize, bad type or class
..\Source\ds18b20.c(22): error C132: 'DATA_PIN': not in formal parameter list
..\Source\ds18b20.c(23): error C141: syntax error near 'while'
..\Source\ds18b20.c(23): error C141: syntax error near '!=', expected ')'
..\Source\ds18b20.c(23): error C141: syntax error near '==', expected ')'
..\Source\ds18b20.c(25): error C129: missing ';' before '++'
Target not created
Build target 'IK-STC15'
compiling main.c...
..\Source\ds18b20.h(15): error C127: 'DS18B20_TEST': invalid storage class
..\User\main.c(33): error C132: 'main': not in formal parameter list
..\User\main.c(33): error C141: syntax error near '{'
..\User\main.c(40): error C132: 'P3M1': not in formal parameter list
..\User\main.c(40): error C132: 'P3M0': not in formal parameter list
..\User\main.c(41): error C132: 'P3M1': not in formal parameter list
..\User\main.c(41): error C132: 'P3M0': not in formal parameter list
..\User\main.c(43): error C244: 'DATA_PIN': can't initialize, bad type or class
..\User\main.c(43): error C132: 'DATA_PIN': not in formal parameter list
..\User\main.c(44): error C132: 'Uart1_Init': not in formal parameter list
..\User\main.c(45): error C244: 'EA': can't initialize, bad type or class
..\User\main.c(45): error C132: 'EA': not in formal parameter list
..\User\main.c(46): error C141: syntax error near '10'
..\User\main.c(46): error C132: 'delay_ms': not in formal parameter list
..\User\main.c(48): error C141: syntax error near 'while'
..\User\main.c(48): error C141: syntax error near '1'
..\User\main.c(52): error C141: syntax error near '2000'
..\User\main.c(52): error C231: '_delay_ms': redefinition
..\User\main.c(53): error C141: syntax error near '}'
compiling ds18b20.c...
..\Source\ds18b20.h(15): error C127: 'DS18B20_TEST': invalid storage class
D:\Keil\C51\Inc\stdio.h(27): error C127: '_getkey': invalid storage class
D:\Keil\C51\Inc\stdio.h(28): error C127: 'getchar': invalid storage class
D:\Keil\C51\Inc\stdio.h(29): error C127: '_ungetchar': invalid storage class
D:\Keil\C51\Inc\stdio.h(30): error C127: '_putchar': invalid storage class
D:\Keil\C51\Inc\stdio.h(31): error C127: '_printf': invalid storage class
D:\Keil\C51\Inc\stdio.h(32): error C127: '_sprintf': invalid storage class
D:\Keil\C51\Inc\stdio.h(33): error C127: '_vprintf': invalid storage class
D:\Keil\C51\Inc\stdio.h(34): error C127: '_vsprintf': invalid storage class
D:\Keil\C51\Inc\stdio.h(35): error C127: '_gets': invalid storage class
D:\Keil\C51\Inc\stdio.h(36): error C127: '_scanf': invalid storage class
D:\Keil\C51\Inc\stdio.h(37): error C127: '_sscanf': invalid storage class
D:\Keil\C51\Inc\stdio.h(38): error C127: '_puts': invalid storage class
..\Source\uart.h(7): error C127: 'Uart1_Init': invalid storage class
..\Source\uart.h(8): error C127: '_SendDataByUart1': invalid storage class
..\Source\uart.h(9): error C127: '_U1SendString': invalid storage class
..\Source\ds18b20.c(4): error C132: 'ReadTempFlag': not in formal parameter list
..\Source\ds18b20.c(13): error C132: 'Init_Ds18b20': not in formal parameter list
..\Source\ds18b20.c(13): error C141: syntax error near '{'
..\Source\ds18b20.c(14): error C244: 'Status': can't initialize, bad type or class
..\Source\ds18b20.c(14): error C132: 'Status': not in formal parameter list
..\Source\ds18b20.c(15): error C244: 'CONT_1': can't initialize, bad type or class
..\Source\ds18b20.c(15): error C132: 'CONT_1': not in formal parameter list
..\Source\ds18b20.c(16): error C244: 'Flag_1': can't initialize, bad type or class
..\Source\ds18b20.c(16): error C132: 'Flag_1': not in formal parameter list
..\Source\ds18b20.c(18): error C244: 'DATA_PIN': can't initialize, bad type or class
..\Source\ds18b20.c(18): error C132: 'DATA_PIN': not in formal parameter list
..\Source\ds18b20.c(19): error C141: syntax error near '26'
..\Source\ds18b20.c(20): error C132: 'delay_10us': not in formal parameter list
..\Source\ds18b20.c(20): error C141: syntax error near 'DATA_PIN'
..\Source\ds18b20.c(20): error C244: 'DATA_PIN': can't initialize, bad type or class
..\Source\ds18b20.c(20): error C132: 'DATA_PIN': not in formal parameter list
..\Source\ds18b20.c(21): error C141: syntax error near '75'
..\Source\ds18b20.c(22): error C132: 'delay_10us': not in formal parameter list
..\Source\ds18b20.c(22): error C141: syntax error near 'DATA_PIN'
..\Source\ds18b20.c(22): error C244: 'DATA_PIN': can't initialize, bad type or class
..\Source\ds18b20.c(22): error C132: 'DATA_PIN': not in formal parameter list
..\Source\ds18b20.c(23): error C141: syntax error near 'while'
..\Source\ds18b20.c(23): error C141: syntax error near '&&', expected ')'
..\Source\ds18b20.c(23): error C141: syntax error near '==', expected ')'
..\Source\ds18b20.c(25): error C129: missing ';' before '++'
Target not created
